CRITICAL - 2022-08-14 04:18:28 --> Undefined array key "full_name"
in APPPATH\Models\BookingModel.php on line 65.
 1 APPPATH\Models\BookingModel.php(65): CodeIgniter\Debug\Exceptions->errorHandler(2, 'Undefined array key "full_name"', 'APPPATH\\Models\\BookingModel.php', 65)
 2 APPPATH\Controllers\BookingController.php(21): App\Models\BookingModel->ViewBookings()
 3 SYSTEMPATH\CodeIgniter.php(896): App\Controllers\BookingController->ViewBooking()
 4 SYSTEMPATH\CodeIgniter.php(466): CodeIgniter\CodeIgniter->runController(Object(App\Controllers\BookingController))
 5 SYSTEMPATH\CodeIgniter.php(349): CodeIgniter\CodeIgniter->handleRequest(null, Object(Config\Cache), false)
 6 FCPATH\index.php(55): CodeIgniter\CodeIgniter->run()
 7 SYSTEMPATH\Commands\Server\rewrite.php(43): require_once('FCPATH\\index.php')
CRITICAL - 2022-08-14 04:40:03 --> Undefined array key "full_name"
in APPPATH\Models\BookingModel.php on line 65.
 1 APPPATH\Models\BookingModel.php(65): CodeIgniter\Debug\Exceptions->errorHandler(2, 'Undefined array key "full_name"', 'APPPATH\\Models\\BookingModel.php', 65)
 2 APPPATH\Controllers\BookingController.php(21): App\Models\BookingModel->ViewBookings()
 3 SYSTEMPATH\CodeIgniter.php(896): App\Controllers\BookingController->ViewBooking()
 4 SYSTEMPATH\CodeIgniter.php(466): CodeIgniter\CodeIgniter->runController(Object(App\Controllers\BookingController))
 5 SYSTEMPATH\CodeIgniter.php(349): CodeIgniter\CodeIgniter->handleRequest(null, Object(Config\Cache), false)
 6 FCPATH\index.php(55): CodeIgniter\CodeIgniter->run()
 7 SYSTEMPATH\Commands\Server\rewrite.php(43): require_once('FCPATH\\index.php')
CRITICAL - 2022-08-14 04:40:40 --> Undefined array key "full_name"
in APPPATH\Models\BookingModel.php on line 66.
 1 APPPATH\Models\BookingModel.php(66): CodeIgniter\Debug\Exceptions->errorHandler(2, 'Undefined array key "full_name"', 'APPPATH\\Models\\BookingModel.php', 66)
 2 APPPATH\Controllers\BookingController.php(21): App\Models\BookingModel->ViewBookings()
 3 SYSTEMPATH\CodeIgniter.php(896): App\Controllers\BookingController->ViewBooking()
 4 SYSTEMPATH\CodeIgniter.php(466): CodeIgniter\CodeIgniter->runController(Object(App\Controllers\BookingController))
 5 SYSTEMPATH\CodeIgniter.php(349): CodeIgniter\CodeIgniter->handleRequest(null, Object(Config\Cache), false)
 6 FCPATH\index.php(55): CodeIgniter\CodeIgniter->run()
 7 SYSTEMPATH\Commands\Server\rewrite.php(43): require_once('FCPATH\\index.php')
CRITICAL - 2022-08-14 04:43:25 --> Undefined array key 0
in APPPATH\Models\AgentModel.php on line 67.
 1 APPPATH\Models\AgentModel.php(67): CodeIgniter\Debug\Exceptions->errorHandler(2, 'Undefined array key 0', 'APPPATH\\Models\\AgentModel.php', 67)
 2 APPPATH\Models\BookingModel.php(64): App\Models\AgentModel->ViewSingleAgent('1')
 3 APPPATH\Controllers\BookingController.php(21): App\Models\BookingModel->ViewBookings()
 4 SYSTEMPATH\CodeIgniter.php(896): App\Controllers\BookingController->ViewBooking()
 5 SYSTEMPATH\CodeIgniter.php(466): CodeIgniter\CodeIgniter->runController(Object(App\Controllers\BookingController))
 6 SYSTEMPATH\CodeIgniter.php(349): CodeIgniter\CodeIgniter->handleRequest(null, Object(Config\Cache), false)
 7 FCPATH\index.php(55): CodeIgniter\CodeIgniter->run()
 8 SYSTEMPATH\Commands\Server\rewrite.php(43): require_once('FCPATH\\index.php')
CRITICAL - 2022-08-14 04:44:14 --> Undefined array key 0
in APPPATH\Models\AgentModel.php on line 68.
 1 APPPATH\Models\AgentModel.php(68): CodeIgniter\Debug\Exceptions->errorHandler(2, 'Undefined array key 0', 'APPPATH\\Models\\AgentModel.php', 68)
 2 APPPATH\Models\BookingModel.php(64): App\Models\AgentModel->ViewSingleAgent('1')
 3 APPPATH\Controllers\BookingController.php(21): App\Models\BookingModel->ViewBookings()
 4 SYSTEMPATH\CodeIgniter.php(896): App\Controllers\BookingController->ViewBooking()
 5 SYSTEMPATH\CodeIgniter.php(466): CodeIgniter\CodeIgniter->runController(Object(App\Controllers\BookingController))
 6 SYSTEMPATH\CodeIgniter.php(349): CodeIgniter\CodeIgniter->handleRequest(null, Object(Config\Cache), false)
 7 FCPATH\index.php(55): CodeIgniter\CodeIgniter->run()
 8 SYSTEMPATH\Commands\Server\rewrite.php(43): require_once('FCPATH\\index.php')
