ERROR - 2022-08-11 15:05:06 --> Error connecting to the database: No connection could be made because the target machine actively refused it
CRITICAL - 2022-08-11 15:05:06 --> Unable to connect to the database.
Main connection [MySQLi]: No connection could be made because the target machine actively refused it
in SYSTEMPATH\Database\BaseConnection.php on line 416.
 1 SYSTEMPATH\Database\BaseConnection.php(586): CodeIgniter\Database\BaseConnection->initialize()
 2 APPPATH\Models\AdminModel.php(97): CodeIgniter\Database\BaseConnection->query('select company_name,payment_key,payment_value from admin')
 3 APPPATH\Controllers\AdminController.php(172): App\Models\AdminModel->ViewPaymentKeyValue()
 4 SYSTEMPATH\CodeIgniter.php(896): App\Controllers\AdminController->ViewPaymentKeyValue()
 5 SYSTEMPATH\CodeIgniter.php(466): CodeIgniter\CodeIgniter->runController(Object(App\Controllers\AdminController))
 6 SYSTEMPATH\CodeIgniter.php(349): CodeIgniter\CodeIgniter->handleRequest(null, Object(Config\Cache), false)
 7 FCPATH\index.php(55): CodeIgniter\CodeIgniter->run()
 8 SYSTEMPATH\Commands\Server\rewrite.php(43): require_once('FCPATH\\index.php')
ERROR - 2022-08-11 15:05:11 --> Error connecting to the database: No connection could be made because the target machine actively refused it
CRITICAL - 2022-08-11 15:05:11 --> Unable to connect to the database.
Main connection [MySQLi]: No connection could be made because the target machine actively refused it
in SYSTEMPATH\Database\BaseConnection.php on line 416.
 1 SYSTEMPATH\Database\BaseConnection.php(586): CodeIgniter\Database\BaseConnection->initialize()
 2 APPPATH\Models\TicketModel.php(61): CodeIgniter\Database\BaseConnection->query('select * from ticket')
 3 APPPATH\Controllers\TicketController.php(20): App\Models\TicketModel->ViewTicket()
 4 SYSTEMPATH\CodeIgniter.php(896): App\Controllers\TicketController->ViewTicket()
 5 SYSTEMPATH\CodeIgniter.php(466): CodeIgniter\CodeIgniter->runController(Object(App\Controllers\TicketController))
 6 SYSTEMPATH\CodeIgniter.php(349): CodeIgniter\CodeIgniter->handleRequest(null, Object(Config\Cache), false)
 7 FCPATH\index.php(55): CodeIgniter\CodeIgniter->run()
 8 SYSTEMPATH\Commands\Server\rewrite.php(43): require_once('FCPATH\\index.php')
ERROR - 2022-08-11 15:05:15 --> Error connecting to the database: No connection could be made because the target machine actively refused it
CRITICAL - 2022-08-11 15:05:15 --> Unable to connect to the database.
Main connection [MySQLi]: No connection could be made because the target machine actively refused it
in SYSTEMPATH\Database\BaseConnection.php on line 416.
 1 SYSTEMPATH\Database\BaseConnection.php(586): CodeIgniter\Database\BaseConnection->initialize()
 2 APPPATH\Models\AgentModel.php(72): CodeIgniter\Database\BaseConnection->query('select * from agent where status=1')
 3 APPPATH\Controllers\AgentController.php(69): App\Models\AgentModel->ViewActiveAgent()
 4 SYSTEMPATH\CodeIgniter.php(896): App\Controllers\AgentController->ViewActiveAgent()
 5 SYSTEMPATH\CodeIgniter.php(466): CodeIgniter\CodeIgniter->runController(Object(App\Controllers\AgentController))
 6 SYSTEMPATH\CodeIgniter.php(349): CodeIgniter\CodeIgniter->handleRequest(null, Object(Config\Cache), false)
 7 FCPATH\index.php(55): CodeIgniter\CodeIgniter->run()
 8 SYSTEMPATH\Commands\Server\rewrite.php(43): require_once('FCPATH\\index.php')
ERROR - 2022-08-11 15:37:53 --> Error connecting to the database: No connection could be made because the target machine actively refused it
CRITICAL - 2022-08-11 15:37:53 --> Unable to connect to the database.
Main connection [MySQLi]: No connection could be made because the target machine actively refused it
in SYSTEMPATH\Database\BaseConnection.php on line 416.
 1 SYSTEMPATH\Database\BaseConnection.php(586): CodeIgniter\Database\BaseConnection->initialize()
 2 APPPATH\Models\AdminModel.php(97): CodeIgniter\Database\BaseConnection->query('select company_name,payment_key,payment_value from admin')
 3 APPPATH\Controllers\AdminController.php(172): App\Models\AdminModel->ViewPaymentKeyValue()
 4 SYSTEMPATH\CodeIgniter.php(896): App\Controllers\AdminController->ViewPaymentKeyValue()
 5 SYSTEMPATH\CodeIgniter.php(466): CodeIgniter\CodeIgniter->runController(Object(App\Controllers\AdminController))
 6 SYSTEMPATH\CodeIgniter.php(349): CodeIgniter\CodeIgniter->handleRequest(null, Object(Config\Cache), false)
 7 FCPATH\index.php(55): CodeIgniter\CodeIgniter->run()
 8 SYSTEMPATH\Commands\Server\rewrite.php(43): require_once('FCPATH\\index.php')
ERROR - 2022-08-11 15:37:57 --> Error connecting to the database: No connection could be made because the target machine actively refused it
CRITICAL - 2022-08-11 15:37:57 --> Unable to connect to the database.
Main connection [MySQLi]: No connection could be made because the target machine actively refused it
in SYSTEMPATH\Database\BaseConnection.php on line 416.
 1 SYSTEMPATH\Database\BaseConnection.php(586): CodeIgniter\Database\BaseConnection->initialize()
 2 APPPATH\Models\TicketModel.php(61): CodeIgniter\Database\BaseConnection->query('select * from ticket')
 3 APPPATH\Controllers\TicketController.php(20): App\Models\TicketModel->ViewTicket()
 4 SYSTEMPATH\CodeIgniter.php(896): App\Controllers\TicketController->ViewTicket()
 5 SYSTEMPATH\CodeIgniter.php(466): CodeIgniter\CodeIgniter->runController(Object(App\Controllers\TicketController))
 6 SYSTEMPATH\CodeIgniter.php(349): CodeIgniter\CodeIgniter->handleRequest(null, Object(Config\Cache), false)
 7 FCPATH\index.php(55): CodeIgniter\CodeIgniter->run()
 8 SYSTEMPATH\Commands\Server\rewrite.php(43): require_once('FCPATH\\index.php')
ERROR - 2022-08-11 15:38:02 --> Error connecting to the database: No connection could be made because the target machine actively refused it
CRITICAL - 2022-08-11 15:38:02 --> Unable to connect to the database.
Main connection [MySQLi]: No connection could be made because the target machine actively refused it
in SYSTEMPATH\Database\BaseConnection.php on line 416.
 1 SYSTEMPATH\Database\BaseConnection.php(586): CodeIgniter\Database\BaseConnection->initialize()
 2 APPPATH\Models\AgentModel.php(72): CodeIgniter\Database\BaseConnection->query('select * from agent where status=1')
 3 APPPATH\Controllers\AgentController.php(69): App\Models\AgentModel->ViewActiveAgent()
 4 SYSTEMPATH\CodeIgniter.php(896): App\Controllers\AgentController->ViewActiveAgent()
 5 SYSTEMPATH\CodeIgniter.php(466): CodeIgniter\CodeIgniter->runController(Object(App\Controllers\AgentController))
 6 SYSTEMPATH\CodeIgniter.php(349): CodeIgniter\CodeIgniter->handleRequest(null, Object(Config\Cache), false)
 7 FCPATH\index.php(55): CodeIgniter\CodeIgniter->run()
 8 SYSTEMPATH\Commands\Server\rewrite.php(43): require_once('FCPATH\\index.php')
ERROR - 2022-08-11 15:38:06 --> Error connecting to the database: No connection could be made because the target machine actively refused it
CRITICAL - 2022-08-11 15:38:06 --> Unable to connect to the database.
Main connection [MySQLi]: No connection could be made because the target machine actively refused it
in SYSTEMPATH\Database\BaseConnection.php on line 416.
 1 SYSTEMPATH\Database\BaseConnection.php(586): CodeIgniter\Database\BaseConnection->initialize()
 2 APPPATH\Models\AdminModel.php(97): CodeIgniter\Database\BaseConnection->query('select company_name,payment_key,payment_value from admin')
 3 APPPATH\Controllers\AdminController.php(172): App\Models\AdminModel->ViewPaymentKeyValue()
 4 SYSTEMPATH\CodeIgniter.php(896): App\Controllers\AdminController->ViewPaymentKeyValue()
 5 SYSTEMPATH\CodeIgniter.php(466): CodeIgniter\CodeIgniter->runController(Object(App\Controllers\AdminController))
 6 SYSTEMPATH\CodeIgniter.php(349): CodeIgniter\CodeIgniter->handleRequest(null, Object(Config\Cache), false)
 7 FCPATH\index.php(55): CodeIgniter\CodeIgniter->run()
 8 SYSTEMPATH\Commands\Server\rewrite.php(43): require_once('FCPATH\\index.php')
ERROR - 2022-08-11 15:39:37 --> Error connecting to the database: No connection could be made because the target machine actively refused it
CRITICAL - 2022-08-11 15:39:37 --> Unable to connect to the database.
Main connection [MySQLi]: No connection could be made because the target machine actively refused it
in SYSTEMPATH\Database\BaseConnection.php on line 416.
 1 SYSTEMPATH\Database\BaseConnection.php(586): CodeIgniter\Database\BaseConnection->initialize()
 2 APPPATH\Models\AdminModel.php(97): CodeIgniter\Database\BaseConnection->query('select company_name,payment_key,payment_value from admin')
 3 APPPATH\Controllers\AdminController.php(172): App\Models\AdminModel->ViewPaymentKeyValue()
 4 SYSTEMPATH\CodeIgniter.php(896): App\Controllers\AdminController->ViewPaymentKeyValue()
 5 SYSTEMPATH\CodeIgniter.php(466): CodeIgniter\CodeIgniter->runController(Object(App\Controllers\AdminController))
 6 SYSTEMPATH\CodeIgniter.php(349): CodeIgniter\CodeIgniter->handleRequest(null, Object(Config\Cache), false)
 7 FCPATH\index.php(55): CodeIgniter\CodeIgniter->run()
 8 SYSTEMPATH\Commands\Server\rewrite.php(43): require_once('FCPATH\\index.php')
ERROR - 2022-08-11 15:40:10 --> Error connecting to the database: No connection could be made because the target machine actively refused it
CRITICAL - 2022-08-11 15:40:10 --> Unable to connect to the database.
Main connection [MySQLi]: No connection could be made because the target machine actively refused it
in SYSTEMPATH\Database\BaseConnection.php on line 416.
 1 SYSTEMPATH\Database\BaseConnection.php(586): CodeIgniter\Database\BaseConnection->initialize()
 2 APPPATH\Models\AdminModel.php(97): CodeIgniter\Database\BaseConnection->query('select company_name,payment_key,payment_value from admin')
 3 APPPATH\Controllers\AdminController.php(172): App\Models\AdminModel->ViewPaymentKeyValue()
 4 SYSTEMPATH\CodeIgniter.php(896): App\Controllers\AdminController->ViewPaymentKeyValue()
 5 SYSTEMPATH\CodeIgniter.php(466): CodeIgniter\CodeIgniter->runController(Object(App\Controllers\AdminController))
 6 SYSTEMPATH\CodeIgniter.php(349): CodeIgniter\CodeIgniter->handleRequest(null, Object(Config\Cache), false)
 7 FCPATH\index.php(55): CodeIgniter\CodeIgniter->run()
 8 SYSTEMPATH\Commands\Server\rewrite.php(43): require_once('FCPATH\\index.php')
ERROR - 2022-08-11 15:40:50 --> MySQL server has gone away
CRITICAL - 2022-08-11 15:40:50 --> Call to a member function getResult() on bool
in APPPATH\Models\AdminModel.php on line 98.
 1 APPPATH\Controllers\AdminController.php(172): App\Models\AdminModel->ViewPaymentKeyValue()
 2 SYSTEMPATH\CodeIgniter.php(896): App\Controllers\AdminController->ViewPaymentKeyValue()
 3 SYSTEMPATH\CodeIgniter.php(466): CodeIgniter\CodeIgniter->runController(Object(App\Controllers\AdminController))
 4 SYSTEMPATH\CodeIgniter.php(349): CodeIgniter\CodeIgniter->handleRequest(null, Object(Config\Cache), false)
 5 FCPATH\index.php(55): CodeIgniter\CodeIgniter->run()
 6 SYSTEMPATH\Commands\Server\rewrite.php(43): require_once('FCPATH\\index.php')
ERROR - 2022-08-11 15:41:07 --> Error connecting to the database: No connection could be made because the target machine actively refused it
CRITICAL - 2022-08-11 15:41:07 --> Unable to connect to the database.
Main connection [MySQLi]: No connection could be made because the target machine actively refused it
in SYSTEMPATH\Database\BaseConnection.php on line 416.
 1 SYSTEMPATH\Database\BaseConnection.php(586): CodeIgniter\Database\BaseConnection->initialize()
 2 APPPATH\Models\AdminModel.php(97): CodeIgniter\Database\BaseConnection->query('select company_name,payment_key,payment_value from admin')
 3 APPPATH\Controllers\AdminController.php(172): App\Models\AdminModel->ViewPaymentKeyValue()
 4 SYSTEMPATH\CodeIgniter.php(896): App\Controllers\AdminController->ViewPaymentKeyValue()
 5 SYSTEMPATH\CodeIgniter.php(466): CodeIgniter\CodeIgniter->runController(Object(App\Controllers\AdminController))
 6 SYSTEMPATH\CodeIgniter.php(349): CodeIgniter\CodeIgniter->handleRequest(null, Object(Config\Cache), false)
 7 FCPATH\index.php(55): CodeIgniter\CodeIgniter->run()
 8 SYSTEMPATH\Commands\Server\rewrite.php(43): require_once('FCPATH\\index.php')
ERROR - 2022-08-11 15:41:11 --> Error connecting to the database: No connection could be made because the target machine actively refused it
CRITICAL - 2022-08-11 15:41:11 --> Unable to connect to the database.
Main connection [MySQLi]: No connection could be made because the target machine actively refused it
in SYSTEMPATH\Database\BaseConnection.php on line 416.
 1 SYSTEMPATH\Database\BaseConnection.php(586): CodeIgniter\Database\BaseConnection->initialize()
 2 APPPATH\Models\TicketModel.php(61): CodeIgniter\Database\BaseConnection->query('select * from ticket')
 3 APPPATH\Controllers\TicketController.php(20): App\Models\TicketModel->ViewTicket()
 4 SYSTEMPATH\CodeIgniter.php(896): App\Controllers\TicketController->ViewTicket()
 5 SYSTEMPATH\CodeIgniter.php(466): CodeIgniter\CodeIgniter->runController(Object(App\Controllers\TicketController))
 6 SYSTEMPATH\CodeIgniter.php(349): CodeIgniter\CodeIgniter->handleRequest(null, Object(Config\Cache), false)
 7 FCPATH\index.php(55): CodeIgniter\CodeIgniter->run()
 8 SYSTEMPATH\Commands\Server\rewrite.php(43): require_once('FCPATH\\index.php')
ERROR - 2022-08-11 15:41:15 --> Error connecting to the database: No connection could be made because the target machine actively refused it
CRITICAL - 2022-08-11 15:41:15 --> Unable to connect to the database.
Main connection [MySQLi]: No connection could be made because the target machine actively refused it
in SYSTEMPATH\Database\BaseConnection.php on line 416.
 1 SYSTEMPATH\Database\BaseConnection.php(586): CodeIgniter\Database\BaseConnection->initialize()
 2 APPPATH\Models\AgentModel.php(72): CodeIgniter\Database\BaseConnection->query('select * from agent where status=1')
 3 APPPATH\Controllers\AgentController.php(69): App\Models\AgentModel->ViewActiveAgent()
 4 SYSTEMPATH\CodeIgniter.php(896): App\Controllers\AgentController->ViewActiveAgent()
 5 SYSTEMPATH\CodeIgniter.php(466): CodeIgniter\CodeIgniter->runController(Object(App\Controllers\AgentController))
 6 SYSTEMPATH\CodeIgniter.php(349): CodeIgniter\CodeIgniter->handleRequest(null, Object(Config\Cache), false)
 7 FCPATH\index.php(55): CodeIgniter\CodeIgniter->run()
 8 SYSTEMPATH\Commands\Server\rewrite.php(43): require_once('FCPATH\\index.php')
