ERROR - 2022-07-18 01:22:29 --> Error connecting to the database: No connection could be made because the target machine actively refused it
CRITICAL - 2022-07-18 01:22:29 --> Unable to connect to the database.
Main connection [MySQLi]: No connection could be made because the target machine actively refused it
in SYSTEMPATH\Database\BaseConnection.php on line 416.
 1 SYSTEMPATH\Database\BaseConnection.php(586): CodeIgniter\Database\BaseConnection->initialize()
 2 APPPATH\Models\AdminModel.php(55): CodeIgniter\Database\BaseConnection->query('select * from admin where username=\'sumersingh1997\' and password=\'99febf7f0292e9cfee541f41b63e93c0\'')
 3 APPPATH\Controllers\AdminController.php(47): App\Models\AdminModel->Login('sumersingh1997', '99febf7f0292e9cfee541f41b63e93c0')
 4 SYSTEMPATH\CodeIgniter.php(896): App\Controllers\AdminController->login()
 5 SYSTEMPATH\CodeIgniter.php(466): CodeIgniter\CodeIgniter->runController(Object(App\Controllers\AdminController))
 6 SYSTEMPATH\CodeIgniter.php(349): CodeIgniter\CodeIgniter->handleRequest(null, Object(Config\Cache), false)
 7 FCPATH\index.php(55): CodeIgniter\CodeIgniter->run()
 8 SYSTEMPATH\Commands\Server\rewrite.php(43): require_once('FCPATH\\index.php')
ERROR - 2022-07-18 01:23:02 --> Error connecting to the database: No connection could be made because the target machine actively refused it
CRITICAL - 2022-07-18 01:23:02 --> Unable to connect to the database.
Main connection [MySQLi]: No connection could be made because the target machine actively refused it
in SYSTEMPATH\Database\BaseConnection.php on line 416.
 1 SYSTEMPATH\Database\BaseConnection.php(586): CodeIgniter\Database\BaseConnection->initialize()
 2 APPPATH\Models\AdminModel.php(55): CodeIgniter\Database\BaseConnection->query('select * from admin where username=\'sumersingh1997\' and password=\'99febf7f0292e9cfee541f41b63e93c0\'')
 3 APPPATH\Controllers\AdminController.php(47): App\Models\AdminModel->Login('sumersingh1997', '99febf7f0292e9cfee541f41b63e93c0')
 4 SYSTEMPATH\CodeIgniter.php(896): App\Controllers\AdminController->login()
 5 SYSTEMPATH\CodeIgniter.php(466): CodeIgniter\CodeIgniter->runController(Object(App\Controllers\AdminController))
 6 SYSTEMPATH\CodeIgniter.php(349): CodeIgniter\CodeIgniter->handleRequest(null, Object(Config\Cache), false)
 7 FCPATH\index.php(55): CodeIgniter\CodeIgniter->run()
 8 SYSTEMPATH\Commands\Server\rewrite.php(43): require_once('FCPATH\\index.php')
ERROR - 2022-07-18 01:23:36 --> Error connecting to the database: No connection could be made because the target machine actively refused it
CRITICAL - 2022-07-18 01:23:36 --> Unable to connect to the database.
Main connection [MySQLi]: No connection could be made because the target machine actively refused it
in SYSTEMPATH\Database\BaseConnection.php on line 416.
 1 SYSTEMPATH\Database\BaseConnection.php(586): CodeIgniter\Database\BaseConnection->initialize()
 2 APPPATH\Models\AdminModel.php(55): CodeIgniter\Database\BaseConnection->query('select * from admin where username=\'sumersingh1997\' and password=\'99febf7f0292e9cfee541f41b63e93c0\'')
 3 APPPATH\Controllers\AdminController.php(44): App\Models\AdminModel->Login('sumersingh1997', '99febf7f0292e9cfee541f41b63e93c0')
 4 SYSTEMPATH\CodeIgniter.php(896): App\Controllers\AdminController->login()
 5 SYSTEMPATH\CodeIgniter.php(466): CodeIgniter\CodeIgniter->runController(Object(App\Controllers\AdminController))
 6 SYSTEMPATH\CodeIgniter.php(349): CodeIgniter\CodeIgniter->handleRequest(null, Object(Config\Cache), false)
 7 FCPATH\index.php(55): CodeIgniter\CodeIgniter->run()
 8 SYSTEMPATH\Commands\Server\rewrite.php(43): require_once('FCPATH\\index.php')
ERROR - 2022-07-18 01:23:52 --> Error connecting to the database: No connection could be made because the target machine actively refused it
CRITICAL - 2022-07-18 01:23:52 --> Unable to connect to the database.
Main connection [MySQLi]: No connection could be made because the target machine actively refused it
in SYSTEMPATH\Database\BaseConnection.php on line 416.
 1 SYSTEMPATH\Database\BaseConnection.php(586): CodeIgniter\Database\BaseConnection->initialize()
 2 APPPATH\Models\AdminModel.php(55): CodeIgniter\Database\BaseConnection->query('select * from admin where username=\'sumersingh1997\' and password=\'99febf7f0292e9cfee541f41b63e93c0\'')
 3 APPPATH\Controllers\AdminController.php(44): App\Models\AdminModel->Login('sumersingh1997', '99febf7f0292e9cfee541f41b63e93c0')
 4 SYSTEMPATH\CodeIgniter.php(896): App\Controllers\AdminController->login()
 5 SYSTEMPATH\CodeIgniter.php(466): CodeIgniter\CodeIgniter->runController(Object(App\Controllers\AdminController))
 6 SYSTEMPATH\CodeIgniter.php(349): CodeIgniter\CodeIgniter->handleRequest(null, Object(Config\Cache), false)
 7 FCPATH\index.php(55): CodeIgniter\CodeIgniter->run()
 8 SYSTEMPATH\Commands\Server\rewrite.php(43): require_once('FCPATH\\index.php')
ERROR - 2022-07-18 01:24:35 --> Error connecting to the database: No connection could be made because the target machine actively refused it
CRITICAL - 2022-07-18 01:24:35 --> Unable to connect to the database.
Main connection [MySQLi]: No connection could be made because the target machine actively refused it
in SYSTEMPATH\Database\BaseConnection.php on line 416.
 1 SYSTEMPATH\Database\BaseConnection.php(586): CodeIgniter\Database\BaseConnection->initialize()
 2 APPPATH\Models\AdminModel.php(55): CodeIgniter\Database\BaseConnection->query('select * from admin where username=\'sumersingh1997\' and password=\'99febf7f0292e9cfee541f41b63e93c0\'')
 3 APPPATH\Controllers\AdminController.php(44): App\Models\AdminModel->Login('sumersingh1997', '99febf7f0292e9cfee541f41b63e93c0')
 4 SYSTEMPATH\CodeIgniter.php(896): App\Controllers\AdminController->login()
 5 SYSTEMPATH\CodeIgniter.php(466): CodeIgniter\CodeIgniter->runController(Object(App\Controllers\AdminController))
 6 SYSTEMPATH\CodeIgniter.php(349): CodeIgniter\CodeIgniter->handleRequest(null, Object(Config\Cache), false)
 7 FCPATH\index.php(55): CodeIgniter\CodeIgniter->run()
 8 SYSTEMPATH\Commands\Server\rewrite.php(43): require_once('FCPATH\\index.php')
