CRITICAL - 2022-07-17 00:22:36 --> Undefined property: App\Controllers\AdminController::$input
in APPPATH\Controllers\AdminController.php on line 20.
 1 APPPATH\Controllers\AdminController.php(20): CodeIgniter\Debug\Exceptions->errorHandler(2, 'Undefined property: App\\Controllers\\AdminController::$input', 'APPPATH\\Controllers\\AdminController.php', 20)
 2 SYSTEMPATH\CodeIgniter.php(896): App\Controllers\AdminController->login()
 3 SYSTEMPATH\CodeIgniter.php(466): CodeIgniter\CodeIgniter->runController(Object(App\Controllers\AdminController))
 4 SYSTEMPATH\CodeIgniter.php(349): CodeIgniter\CodeIgniter->handleRequest(null, Object(Config\Cache), false)
 5 FCPATH\index.php(55): CodeIgniter\CodeIgniter->run()
 6 SYSTEMPATH\Commands\Server\rewrite.php(43): require_once('FCPATH\\index.php')
CRITICAL - 2022-07-17 00:29:38 --> Undefined property: App\Controllers\AdminController::$input
in APPPATH\Controllers\AdminController.php on line 20.
 1 APPPATH\Controllers\AdminController.php(20): CodeIgniter\Debug\Exceptions->errorHandler(2, 'Undefined property: App\\Controllers\\AdminController::$input', 'APPPATH\\Controllers\\AdminController.php', 20)
 2 SYSTEMPATH\CodeIgniter.php(896): App\Controllers\AdminController->login()
 3 SYSTEMPATH\CodeIgniter.php(466): CodeIgniter\CodeIgniter->runController(Object(App\Controllers\AdminController))
 4 SYSTEMPATH\CodeIgniter.php(349): CodeIgniter\CodeIgniter->handleRequest(null, Object(Config\Cache), false)
 5 FCPATH\index.php(55): CodeIgniter\CodeIgniter->run()
 6 SYSTEMPATH\Commands\Server\rewrite.php(43): require_once('FCPATH\\index.php')
CRITICAL - 2022-07-17 00:30:59 --> Too few arguments to function App\Controllers\AdminController::login(), 0 passed in D:\sumer\hotline\vendor\codeigniter4\framework\system\CodeIgniter.php on line 896 and exactly 1 expected
in APPPATH\Controllers\AdminController.php on line 18.
 1 SYSTEMPATH\CodeIgniter.php(896): App\Controllers\AdminController->login()
 2 SYSTEMPATH\CodeIgniter.php(466): CodeIgniter\CodeIgniter->runController(Object(App\Controllers\AdminController))
 3 SYSTEMPATH\CodeIgniter.php(349): CodeIgniter\CodeIgniter->handleRequest(null, Object(Config\Cache), false)
 4 FCPATH\index.php(55): CodeIgniter\CodeIgniter->run()
 5 SYSTEMPATH\Commands\Server\rewrite.php(43): require_once('FCPATH\\index.php')
CRITICAL - 2022-07-17 03:31:02 --> Too few arguments to function App\Controllers\AdminController::login(), 0 passed in D:\sumer\hotline\vendor\codeigniter4\framework\system\CodeIgniter.php on line 896 and exactly 1 expected
in APPPATH\Controllers\AdminController.php on line 18.
 1 SYSTEMPATH\CodeIgniter.php(896): App\Controllers\AdminController->login()
 2 SYSTEMPATH\CodeIgniter.php(466): CodeIgniter\CodeIgniter->runController(Object(App\Controllers\AdminController))
 3 SYSTEMPATH\CodeIgniter.php(349): CodeIgniter\CodeIgniter->handleRequest(null, Object(Config\Cache), false)
 4 FCPATH\index.php(55): CodeIgniter\CodeIgniter->run()
 5 SYSTEMPATH\Commands\Server\rewrite.php(43): require_once('FCPATH\\index.php')
CRITICAL - 2022-07-17 03:31:12 --> Too few arguments to function App\Controllers\AdminController::login(), 0 passed in D:\sumer\hotline\vendor\codeigniter4\framework\system\CodeIgniter.php on line 896 and exactly 1 expected
in APPPATH\Controllers\AdminController.php on line 18.
 1 SYSTEMPATH\CodeIgniter.php(896): App\Controllers\AdminController->login()
 2 SYSTEMPATH\CodeIgniter.php(466): CodeIgniter\CodeIgniter->runController(Object(App\Controllers\AdminController))
 3 SYSTEMPATH\CodeIgniter.php(349): CodeIgniter\CodeIgniter->handleRequest(null, Object(Config\Cache), false)
 4 FCPATH\index.php(55): CodeIgniter\CodeIgniter->run()
 5 SYSTEMPATH\Commands\Server\rewrite.php(43): require_once('FCPATH\\index.php')
CRITICAL - 2022-07-17 03:31:49 --> Too few arguments to function App\Controllers\AdminController::login(), 0 passed in D:\sumer\hotline\vendor\codeigniter4\framework\system\CodeIgniter.php on line 896 and exactly 1 expected
in APPPATH\Controllers\AdminController.php on line 18.
 1 SYSTEMPATH\CodeIgniter.php(896): App\Controllers\AdminController->login()
 2 SYSTEMPATH\CodeIgniter.php(466): CodeIgniter\CodeIgniter->runController(Object(App\Controllers\AdminController))
 3 SYSTEMPATH\CodeIgniter.php(349): CodeIgniter\CodeIgniter->handleRequest(null, Object(Config\Cache), false)
 4 FCPATH\index.php(55): CodeIgniter\CodeIgniter->run()
 5 SYSTEMPATH\Commands\Server\rewrite.php(43): require_once('FCPATH\\index.php')
CRITICAL - 2022-07-17 03:32:03 --> Too few arguments to function App\Controllers\AdminController::login(), 0 passed in D:\sumer\hotline\vendor\codeigniter4\framework\system\CodeIgniter.php on line 896 and exactly 1 expected
in APPPATH\Controllers\AdminController.php on line 18.
 1 SYSTEMPATH\CodeIgniter.php(896): App\Controllers\AdminController->login()
 2 SYSTEMPATH\CodeIgniter.php(466): CodeIgniter\CodeIgniter->runController(Object(App\Controllers\AdminController))
 3 SYSTEMPATH\CodeIgniter.php(349): CodeIgniter\CodeIgniter->handleRequest(null, Object(Config\Cache), false)
 4 FCPATH\index.php(55): CodeIgniter\CodeIgniter->run()
 5 SYSTEMPATH\Commands\Server\rewrite.php(43): require_once('FCPATH\\index.php')
CRITICAL - 2022-07-17 03:32:10 --> Too few arguments to function App\Controllers\AdminController::login(), 0 passed in D:\sumer\hotline\vendor\codeigniter4\framework\system\CodeIgniter.php on line 896 and exactly 1 expected
in APPPATH\Controllers\AdminController.php on line 18.
 1 SYSTEMPATH\CodeIgniter.php(896): App\Controllers\AdminController->login()
 2 SYSTEMPATH\CodeIgniter.php(466): CodeIgniter\CodeIgniter->runController(Object(App\Controllers\AdminController))
 3 SYSTEMPATH\CodeIgniter.php(349): CodeIgniter\CodeIgniter->handleRequest(null, Object(Config\Cache), false)
 4 FCPATH\index.php(55): CodeIgniter\CodeIgniter->run()
 5 SYSTEMPATH\Commands\Server\rewrite.php(43): require_once('FCPATH\\index.php')
CRITICAL - 2022-07-17 03:32:45 --> Undefined property: App\Controllers\AdminController::$input
in APPPATH\Controllers\AdminController.php on line 23.
 1 APPPATH\Controllers\AdminController.php(23): CodeIgniter\Debug\Exceptions->errorHandler(2, 'Undefined property: App\\Controllers\\AdminController::$input', 'APPPATH\\Controllers\\AdminController.php', 23)
 2 SYSTEMPATH\CodeIgniter.php(896): App\Controllers\AdminController->login()
 3 SYSTEMPATH\CodeIgniter.php(466): CodeIgniter\CodeIgniter->runController(Object(App\Controllers\AdminController))
 4 SYSTEMPATH\CodeIgniter.php(349): CodeIgniter\CodeIgniter->handleRequest(null, Object(Config\Cache), false)
 5 FCPATH\index.php(55): CodeIgniter\CodeIgniter->run()
 6 SYSTEMPATH\Commands\Server\rewrite.php(43): require_once('FCPATH\\index.php')
CRITICAL - 2022-07-17 03:32:46 --> Undefined property: App\Controllers\AdminController::$input
in APPPATH\Controllers\AdminController.php on line 23.
 1 APPPATH\Controllers\AdminController.php(23): CodeIgniter\Debug\Exceptions->errorHandler(2, 'Undefined property: App\\Controllers\\AdminController::$input', 'APPPATH\\Controllers\\AdminController.php', 23)
 2 SYSTEMPATH\CodeIgniter.php(896): App\Controllers\AdminController->login()
 3 SYSTEMPATH\CodeIgniter.php(466): CodeIgniter\CodeIgniter->runController(Object(App\Controllers\AdminController))
 4 SYSTEMPATH\CodeIgniter.php(349): CodeIgniter\CodeIgniter->handleRequest(null, Object(Config\Cache), false)
 5 FCPATH\index.php(55): CodeIgniter\CodeIgniter->run()
 6 SYSTEMPATH\Commands\Server\rewrite.php(43): require_once('FCPATH\\index.php')
CRITICAL - 2022-07-17 03:33:31 --> Cannot use object of type CodeIgniter\HTTP\IncomingRequest as array
in APPPATH\Controllers\AdminController.php on line 23.
 1 SYSTEMPATH\CodeIgniter.php(896): App\Controllers\AdminController->login()
 2 SYSTEMPATH\CodeIgniter.php(466): CodeIgniter\CodeIgniter->runController(Object(App\Controllers\AdminController))
 3 SYSTEMPATH\CodeIgniter.php(349): CodeIgniter\CodeIgniter->handleRequest(null, Object(Config\Cache), false)
 4 FCPATH\index.php(55): CodeIgniter\CodeIgniter->run()
 5 SYSTEMPATH\Commands\Server\rewrite.php(43): require_once('FCPATH\\index.php')
CRITICAL - 2022-07-17 03:36:17 --> Too few arguments to function App\Controllers\AdminController::__construct(), 0 passed in D:\sumer\hotline\vendor\codeigniter4\framework\system\CodeIgniter.php on line 858 and exactly 1 expected
in APPPATH\Controllers\AdminController.php on line 14.
 1 SYSTEMPATH\CodeIgniter.php(858): App\Controllers\AdminController->__construct()
 2 SYSTEMPATH\CodeIgniter.php(457): CodeIgniter\CodeIgniter->createController()
 3 SYSTEMPATH\CodeIgniter.php(349): CodeIgniter\CodeIgniter->handleRequest(null, Object(Config\Cache), false)
 4 FCPATH\index.php(55): CodeIgniter\CodeIgniter->run()
 5 SYSTEMPATH\Commands\Server\rewrite.php(43): require_once('FCPATH\\index.php')
CRITICAL - 2022-07-17 03:36:46 --> Too few arguments to function App\Controllers\AdminController::__construct(), 0 passed in D:\sumer\hotline\vendor\codeigniter4\framework\system\CodeIgniter.php on line 858 and exactly 1 expected
in APPPATH\Controllers\AdminController.php on line 14.
 1 SYSTEMPATH\CodeIgniter.php(858): App\Controllers\AdminController->__construct()
 2 SYSTEMPATH\CodeIgniter.php(457): CodeIgniter\CodeIgniter->createController()
 3 SYSTEMPATH\CodeIgniter.php(349): CodeIgniter\CodeIgniter->handleRequest(null, Object(Config\Cache), false)
 4 FCPATH\index.php(55): CodeIgniter\CodeIgniter->run()
 5 SYSTEMPATH\Commands\Server\rewrite.php(43): require_once('FCPATH\\index.php')
CRITICAL - 2022-07-17 03:36:47 --> Too few arguments to function App\Controllers\AdminController::__construct(), 0 passed in D:\sumer\hotline\vendor\codeigniter4\framework\system\CodeIgniter.php on line 858 and exactly 1 expected
in APPPATH\Controllers\AdminController.php on line 14.
 1 SYSTEMPATH\CodeIgniter.php(858): App\Controllers\AdminController->__construct()
 2 SYSTEMPATH\CodeIgniter.php(457): CodeIgniter\CodeIgniter->createController()
 3 SYSTEMPATH\CodeIgniter.php(349): CodeIgniter\CodeIgniter->handleRequest(null, Object(Config\Cache), false)
 4 FCPATH\index.php(55): CodeIgniter\CodeIgniter->run()
 5 SYSTEMPATH\Commands\Server\rewrite.php(43): require_once('FCPATH\\index.php')
CRITICAL - 2022-07-17 03:37:40 --> Too few arguments to function App\Controllers\AdminController::__construct(), 0 passed in D:\sumer\hotline\vendor\codeigniter4\framework\system\CodeIgniter.php on line 858 and exactly 1 expected
in APPPATH\Controllers\AdminController.php on line 14.
 1 SYSTEMPATH\CodeIgniter.php(858): App\Controllers\AdminController->__construct()
 2 SYSTEMPATH\CodeIgniter.php(457): CodeIgniter\CodeIgniter->createController()
 3 SYSTEMPATH\CodeIgniter.php(349): CodeIgniter\CodeIgniter->handleRequest(null, Object(Config\Cache), false)
 4 FCPATH\index.php(55): CodeIgniter\CodeIgniter->run()
 5 SYSTEMPATH\Commands\Server\rewrite.php(43): require_once('FCPATH\\index.php')
CRITICAL - 2022-07-17 03:58:29 --> Too few arguments to function App\Controllers\AdminController::__construct(), 0 passed in D:\sumer\hotline\vendor\codeigniter4\framework\system\CodeIgniter.php on line 858 and exactly 1 expected
in APPPATH\Controllers\AdminController.php on line 14.
 1 SYSTEMPATH\CodeIgniter.php(858): App\Controllers\AdminController->__construct()
 2 SYSTEMPATH\CodeIgniter.php(457): CodeIgniter\CodeIgniter->createController()
 3 SYSTEMPATH\CodeIgniter.php(349): CodeIgniter\CodeIgniter->handleRequest(null, Object(Config\Cache), false)
 4 FCPATH\index.php(55): CodeIgniter\CodeIgniter->run()
 5 SYSTEMPATH\Commands\Server\rewrite.php(43): require_once('FCPATH\\index.php')
CRITICAL - 2022-07-17 03:58:38 --> Undefined property: App\Controllers\AdminController::$input
in APPPATH\Controllers\AdminController.php on line 21.
 1 APPPATH\Controllers\AdminController.php(21): CodeIgniter\Debug\Exceptions->errorHandler(2, 'Undefined property: App\\Controllers\\AdminController::$input', 'APPPATH\\Controllers\\AdminController.php', 21)
 2 SYSTEMPATH\CodeIgniter.php(896): App\Controllers\AdminController->login()
 3 SYSTEMPATH\CodeIgniter.php(466): CodeIgniter\CodeIgniter->runController(Object(App\Controllers\AdminController))
 4 SYSTEMPATH\CodeIgniter.php(349): CodeIgniter\CodeIgniter->handleRequest(null, Object(Config\Cache), false)
 5 FCPATH\index.php(55): CodeIgniter\CodeIgniter->run()
 6 SYSTEMPATH\Commands\Server\rewrite.php(43): require_once('FCPATH\\index.php')
CRITICAL - 2022-07-17 03:58:45 --> Undefined property: App\Controllers\AdminController::$input
in APPPATH\Controllers\AdminController.php on line 21.
 1 APPPATH\Controllers\AdminController.php(21): CodeIgniter\Debug\Exceptions->errorHandler(2, 'Undefined property: App\\Controllers\\AdminController::$input', 'APPPATH\\Controllers\\AdminController.php', 21)
 2 SYSTEMPATH\CodeIgniter.php(896): App\Controllers\AdminController->login()
 3 SYSTEMPATH\CodeIgniter.php(466): CodeIgniter\CodeIgniter->runController(Object(App\Controllers\AdminController))
 4 SYSTEMPATH\CodeIgniter.php(349): CodeIgniter\CodeIgniter->handleRequest(null, Object(Config\Cache), false)
 5 FCPATH\index.php(55): CodeIgniter\CodeIgniter->run()
 6 SYSTEMPATH\Commands\Server\rewrite.php(43): require_once('FCPATH\\index.php')
CRITICAL - 2022-07-17 03:58:58 --> Undefined property: App\Controllers\AdminController::$input
in APPPATH\Controllers\AdminController.php on line 20.
 1 APPPATH\Controllers\AdminController.php(20): CodeIgniter\Debug\Exceptions->errorHandler(2, 'Undefined property: App\\Controllers\\AdminController::$input', 'APPPATH\\Controllers\\AdminController.php', 20)
 2 SYSTEMPATH\CodeIgniter.php(896): App\Controllers\AdminController->login()
 3 SYSTEMPATH\CodeIgniter.php(466): CodeIgniter\CodeIgniter->runController(Object(App\Controllers\AdminController))
 4 SYSTEMPATH\CodeIgniter.php(349): CodeIgniter\CodeIgniter->handleRequest(null, Object(Config\Cache), false)
 5 FCPATH\index.php(55): CodeIgniter\CodeIgniter->run()
 6 SYSTEMPATH\Commands\Server\rewrite.php(43): require_once('FCPATH\\index.php')
CRITICAL - 2022-07-17 03:59:06 --> Object of class CodeIgniter\HTTP\IncomingRequest could not be converted to string
in APPPATH\Controllers\AdminController.php on line 22.
 1 SYSTEMPATH\CodeIgniter.php(896): App\Controllers\AdminController->login()
 2 SYSTEMPATH\CodeIgniter.php(466): CodeIgniter\CodeIgniter->runController(Object(App\Controllers\AdminController))
 3 SYSTEMPATH\CodeIgniter.php(349): CodeIgniter\CodeIgniter->handleRequest(null, Object(Config\Cache), false)
 4 FCPATH\index.php(55): CodeIgniter\CodeIgniter->run()
 5 SYSTEMPATH\Commands\Server\rewrite.php(43): require_once('FCPATH\\index.php')
CRITICAL - 2022-07-17 03:59:10 --> Undefined variable $request
in APPPATH\Controllers\AdminController.php on line 22.
 1 APPPATH\Controllers\AdminController.php(22): CodeIgniter\Debug\Exceptions->errorHandler(2, 'Undefined variable $request', 'APPPATH\\Controllers\\AdminController.php', 22)
 2 SYSTEMPATH\CodeIgniter.php(896): App\Controllers\AdminController->login()
 3 SYSTEMPATH\CodeIgniter.php(466): CodeIgniter\CodeIgniter->runController(Object(App\Controllers\AdminController))
 4 SYSTEMPATH\CodeIgniter.php(349): CodeIgniter\CodeIgniter->handleRequest(null, Object(Config\Cache), false)
 5 FCPATH\index.php(55): CodeIgniter\CodeIgniter->run()
 6 SYSTEMPATH\Commands\Server\rewrite.php(43): require_once('FCPATH\\index.php')
CRITICAL - 2022-07-17 06:05:02 --> Call to a member function encode() on bool
in APPPATH\Models\AdminModel.php on line 57.
 1 APPPATH\Controllers\AdminController.php(44): App\Models\AdminModel->Login('sumersingh1997', 'Admin@007@')
 2 SYSTEMPATH\CodeIgniter.php(896): App\Controllers\AdminController->login()
 3 SYSTEMPATH\CodeIgniter.php(466): CodeIgniter\CodeIgniter->runController(Object(App\Controllers\AdminController))
 4 SYSTEMPATH\CodeIgniter.php(349): CodeIgniter\CodeIgniter->handleRequest(null, Object(Config\Cache), false)
 5 FCPATH\index.php(55): CodeIgniter\CodeIgniter->run()
 6 SYSTEMPATH\Commands\Server\rewrite.php(43): require_once('FCPATH\\index.php')
CRITICAL - 2022-07-17 06:29:02 --> hotlinetour is not a valid database connection group.
in SYSTEMPATH\Database\Config.php on line 65.
 1 SYSTEMPATH\Common.php(344): CodeIgniter\Database\Config::connect('hotlinetour', true)
 2 APPPATH\Models\AdminModel.php(53): db_connect('hotlinetour')
 3 APPPATH\Controllers\AdminController.php(44): App\Models\AdminModel->Login('sumersingh1997', 'Admin@007@')
 4 SYSTEMPATH\CodeIgniter.php(896): App\Controllers\AdminController->login()
 5 SYSTEMPATH\CodeIgniter.php(466): CodeIgniter\CodeIgniter->runController(Object(App\Controllers\AdminController))
 6 SYSTEMPATH\CodeIgniter.php(349): CodeIgniter\CodeIgniter->handleRequest(null, Object(Config\Cache), false)
 7 FCPATH\index.php(55): CodeIgniter\CodeIgniter->run()
 8 SYSTEMPATH\Commands\Server\rewrite.php(43): require_once('FCPATH\\index.php')
CRITICAL - 2022-07-17 06:50:23 --> CodeIgniter\Database\BaseConnection::query(): Argument #1 ($sql) must be of type string, CodeIgniter\Database\MySQLi\Result given, called in D:\sumer\hotline\app\Models\AdminModel.php on line 64
in SYSTEMPATH\Database\BaseConnection.php on line 581.
 1 APPPATH\Models\AdminModel.php(64): CodeIgniter\Database\BaseConnection->query(Object(CodeIgniter\Database\MySQLi\Result))
 2 APPPATH\Controllers\AdminController.php(44): App\Models\AdminModel->Login('sumersingh1997w', '99febf7f0292e9cfee541f41b63e93c0')
 3 SYSTEMPATH\CodeIgniter.php(896): App\Controllers\AdminController->login()
 4 SYSTEMPATH\CodeIgniter.php(466): CodeIgniter\CodeIgniter->runController(Object(App\Controllers\AdminController))
 5 SYSTEMPATH\CodeIgniter.php(349): CodeIgniter\CodeIgniter->handleRequest(null, Object(Config\Cache), false)
 6 FCPATH\index.php(55): CodeIgniter\CodeIgniter->run()
 7 SYSTEMPATH\Commands\Server\rewrite.php(43): require_once('FCPATH\\index.php')
ERROR - 2022-07-17 06:55:28 --> You have an error in your SQL syntax; check the manual that corresponds to your MariaDB server version for the right syntax to use near '='sumersingh1997' and password='99febf7f0292e9cfee541f41b63e93c0'' at line 1
CRITICAL - 2022-07-17 06:55:28 --> Call to a member function getResult() on bool
in APPPATH\Models\AdminModel.php on line 56.
 1 APPPATH\Controllers\AdminController.php(44): App\Models\AdminModel->Login('sumersingh1997', '99febf7f0292e9cfee541f41b63e93c0')
 2 SYSTEMPATH\CodeIgniter.php(896): App\Controllers\AdminController->login()
 3 SYSTEMPATH\CodeIgniter.php(466): CodeIgniter\CodeIgniter->runController(Object(App\Controllers\AdminController))
 4 SYSTEMPATH\CodeIgniter.php(349): CodeIgniter\CodeIgniter->handleRequest(null, Object(Config\Cache), false)
 5 FCPATH\index.php(55): CodeIgniter\CodeIgniter->run()
 6 SYSTEMPATH\Commands\Server\rewrite.php(43): require_once('FCPATH\\index.php')
ERROR - 2022-07-17 06:55:49 --> You have an error in your SQL syntax; check the manual that corresponds to your MariaDB server version for the right syntax to use near '='sumersingh1997' and password='99febf7f0292e9cfee541f41b63e93c0'' at line 1
CRITICAL - 2022-07-17 06:57:31 --> count(): Argument #1 ($value) must be of type Countable|array, CodeIgniter\Database\MySQLi\Result given
in APPPATH\Models\AdminModel.php on line 56.
 1 APPPATH\Models\AdminModel.php(56): count(Object(CodeIgniter\Database\MySQLi\Result))
 2 APPPATH\Controllers\AdminController.php(44): App\Models\AdminModel->Login('sumersingh1997', '99febf7f0292e9cfee541f41b63e93c0')
 3 SYSTEMPATH\CodeIgniter.php(896): App\Controllers\AdminController->login()
 4 SYSTEMPATH\CodeIgniter.php(466): CodeIgniter\CodeIgniter->runController(Object(App\Controllers\AdminController))
 5 SYSTEMPATH\CodeIgniter.php(349): CodeIgniter\CodeIgniter->handleRequest(null, Object(Config\Cache), false)
 6 FCPATH\index.php(55): CodeIgniter\CodeIgniter->run()
 7 SYSTEMPATH\Commands\Server\rewrite.php(43): require_once('FCPATH\\index.php')
CRITICAL - 2022-07-17 07:10:25 --> Undefined variable $result
in APPPATH\Models\AdminModel.php on line 65.
 1 APPPATH\Models\AdminModel.php(65): CodeIgniter\Debug\Exceptions->errorHandler(2, 'Undefined variable $result', 'APPPATH\\Models\\AdminModel.php', 65)
 2 APPPATH\Controllers\AdminController.php(55): App\Models\AdminModel->CreateToken('sumersingh1997')
 3 SYSTEMPATH\CodeIgniter.php(896): App\Controllers\AdminController->login()
 4 SYSTEMPATH\CodeIgniter.php(466): CodeIgniter\CodeIgniter->runController(Object(App\Controllers\AdminController))
 5 SYSTEMPATH\CodeIgniter.php(349): CodeIgniter\CodeIgniter->handleRequest(null, Object(Config\Cache), false)
 6 FCPATH\index.php(55): CodeIgniter\CodeIgniter->run()
 7 SYSTEMPATH\Commands\Server\rewrite.php(43): require_once('FCPATH\\index.php')
CRITICAL - 2022-07-17 07:16:23 --> Attempt to read property "id" on array
in APPPATH\Models\AdminModel.php on line 66.
 1 APPPATH\Models\AdminModel.php(66): CodeIgniter\Debug\Exceptions->errorHandler(2, 'Attempt to read property "id" on array', 'APPPATH\\Models\\AdminModel.php', 66)
 2 APPPATH\Controllers\AdminController.php(55): App\Models\AdminModel->CreateToken('sumersingh1997')
 3 SYSTEMPATH\CodeIgniter.php(896): App\Controllers\AdminController->login()
 4 SYSTEMPATH\CodeIgniter.php(466): CodeIgniter\CodeIgniter->runController(Object(App\Controllers\AdminController))
 5 SYSTEMPATH\CodeIgniter.php(349): CodeIgniter\CodeIgniter->handleRequest(null, Object(Config\Cache), false)
 6 FCPATH\index.php(55): CodeIgniter\CodeIgniter->run()
 7 SYSTEMPATH\Commands\Server\rewrite.php(43): require_once('FCPATH\\index.php')
CRITICAL - 2022-07-17 07:16:28 --> Attempt to read property "id" on array
in APPPATH\Models\AdminModel.php on line 66.
 1 APPPATH\Models\AdminModel.php(66): CodeIgniter\Debug\Exceptions->errorHandler(2, 'Attempt to read property "id" on array', 'APPPATH\\Models\\AdminModel.php', 66)
 2 APPPATH\Controllers\AdminController.php(55): App\Models\AdminModel->CreateToken('sumersingh1997')
 3 SYSTEMPATH\CodeIgniter.php(896): App\Controllers\AdminController->login()
 4 SYSTEMPATH\CodeIgniter.php(466): CodeIgniter\CodeIgniter->runController(Object(App\Controllers\AdminController))
 5 SYSTEMPATH\CodeIgniter.php(349): CodeIgniter\CodeIgniter->handleRequest(null, Object(Config\Cache), false)
 6 FCPATH\index.php(55): CodeIgniter\CodeIgniter->run()
 7 SYSTEMPATH\Commands\Server\rewrite.php(43): require_once('FCPATH\\index.php')
CRITICAL - 2022-07-17 07:46:12 --> Too few arguments to function CodeIgniter\HTTP\Message::getHeader(), 0 passed in D:\sumer\hotline\app\Controllers\AdminController.php on line 68 and exactly 1 expected
in SYSTEMPATH\HTTP\Message.php on line 80.
 1 APPPATH\Controllers\AdminController.php(68): CodeIgniter\HTTP\Message->getHeader()
 2 APPPATH\Controllers\AgentController.php(36): App\Controllers\AdminController->checkToken()
 3 SYSTEMPATH\CodeIgniter.php(896): App\Controllers\AgentController->AddAgent()
 4 SYSTEMPATH\CodeIgniter.php(466): CodeIgniter\CodeIgniter->runController(Object(App\Controllers\AgentController))
 5 SYSTEMPATH\CodeIgniter.php(349): CodeIgniter\CodeIgniter->handleRequest(null, Object(Config\Cache), false)
 6 FCPATH\index.php(55): CodeIgniter\CodeIgniter->run()
 7 SYSTEMPATH\Commands\Server\rewrite.php(43): require_once('FCPATH\\index.php')
CRITICAL - 2022-07-17 07:48:46 --> Undefined array key "token"
in APPPATH\Controllers\AdminController.php on line 68.
 1 APPPATH\Controllers\AdminController.php(68): CodeIgniter\Debug\Exceptions->errorHandler(2, 'Undefined array key "token"', 'APPPATH\\Controllers\\AdminController.php', 68)
 2 APPPATH\Controllers\AgentController.php(36): App\Controllers\AdminController->checkToken()
 3 SYSTEMPATH\CodeIgniter.php(896): App\Controllers\AgentController->AddAgent()
 4 SYSTEMPATH\CodeIgniter.php(466): CodeIgniter\CodeIgniter->runController(Object(App\Controllers\AgentController))
 5 SYSTEMPATH\CodeIgniter.php(349): CodeIgniter\CodeIgniter->handleRequest(null, Object(Config\Cache), false)
 6 FCPATH\index.php(55): CodeIgniter\CodeIgniter->run()
 7 SYSTEMPATH\Commands\Server\rewrite.php(43): require_once('FCPATH\\index.php')
CRITICAL - 2022-07-17 07:51:32 --> Too few arguments to function CodeIgniter\HTTP\Message::getHeaderLine(), 0 passed in D:\sumer\hotline\app\Controllers\AdminController.php on line 68 and exactly 1 expected
in SYSTEMPATH\HTTP\Message.php on line 106.
 1 APPPATH\Controllers\AdminController.php(68): CodeIgniter\HTTP\Message->getHeaderLine()
 2 APPPATH\Controllers\AgentController.php(36): App\Controllers\AdminController->checkToken()
 3 SYSTEMPATH\CodeIgniter.php(896): App\Controllers\AgentController->AddAgent()
 4 SYSTEMPATH\CodeIgniter.php(466): CodeIgniter\CodeIgniter->runController(Object(App\Controllers\AgentController))
 5 SYSTEMPATH\CodeIgniter.php(349): CodeIgniter\CodeIgniter->handleRequest(null, Object(Config\Cache), false)
 6 FCPATH\index.php(55): CodeIgniter\CodeIgniter->run()
 7 SYSTEMPATH\Commands\Server\rewrite.php(43): require_once('FCPATH\\index.php')
CRITICAL - 2022-07-17 08:17:45 --> Call to undefined method App\Models\AgentModel::ViewAgent
in SYSTEMPATH\Model.php on line 773.
 1 APPPATH\Controllers\AgentController.php(29): CodeIgniter\Model->__call('ViewAgent', [])
 2 SYSTEMPATH\CodeIgniter.php(896): App\Controllers\AgentController->ViewAgent()
 3 SYSTEMPATH\CodeIgniter.php(466): CodeIgniter\CodeIgniter->runController(Object(App\Controllers\AgentController))
 4 SYSTEMPATH\CodeIgniter.php(349): CodeIgniter\CodeIgniter->handleRequest(null, Object(Config\Cache), false)
 5 FCPATH\index.php(55): CodeIgniter\CodeIgniter->run()
 6 SYSTEMPATH\Commands\Server\rewrite.php(43): require_once('FCPATH\\index.php')
CRITICAL - 2022-07-17 08:18:10 --> Call to undefined method App\Models\AgentModel::ViewAgent
in SYSTEMPATH\Model.php on line 773.
 1 APPPATH\Controllers\AgentController.php(29): CodeIgniter\Model->__call('ViewAgent', [])
 2 SYSTEMPATH\CodeIgniter.php(896): App\Controllers\AgentController->ViewAgent()
 3 SYSTEMPATH\CodeIgniter.php(466): CodeIgniter\CodeIgniter->runController(Object(App\Controllers\AgentController))
 4 SYSTEMPATH\CodeIgniter.php(349): CodeIgniter\CodeIgniter->handleRequest(null, Object(Config\Cache), false)
 5 FCPATH\index.php(55): CodeIgniter\CodeIgniter->run()
 6 SYSTEMPATH\Commands\Server\rewrite.php(43): require_once('FCPATH\\index.php')
CRITICAL - 2022-07-17 08:19:37 --> syntax error, unexpected token "}", expecting ";"
in APPPATH\Models\AgentModel.php on line 55.
 1 SYSTEMPATH\Autoloader\Autoloader.php(261): CodeIgniter\Autoloader\Autoloader->includeFile('APPPATH\\Models\\AgentModel.php')
 2 SYSTEMPATH\Autoloader\Autoloader.php(239): CodeIgniter\Autoloader\Autoloader->loadInNamespace('App\\Models\\AgentModel')
 3 APPPATH\Controllers\AgentController.php(29): CodeIgniter\Autoloader\Autoloader->loadClass('App\\Models\\AgentModel')
 4 SYSTEMPATH\CodeIgniter.php(896): App\Controllers\AgentController->ViewAgent()
 5 SYSTEMPATH\CodeIgniter.php(466): CodeIgniter\CodeIgniter->runController(Object(App\Controllers\AgentController))
 6 SYSTEMPATH\CodeIgniter.php(349): CodeIgniter\CodeIgniter->handleRequest(null, Object(Config\Cache), false)
 7 FCPATH\index.php(55): CodeIgniter\CodeIgniter->run()
 8 SYSTEMPATH\Commands\Server\rewrite.php(43): require_once('FCPATH\\index.php')
CRITICAL - 2022-07-17 08:28:17 --> Too few arguments to function App\Controllers\AgentController::EditAgent(), 0 passed in D:\sumer\hotline\vendor\codeigniter4\framework\system\CodeIgniter.php on line 896 and exactly 1 expected
in APPPATH\Controllers\AgentController.php on line 96.
 1 SYSTEMPATH\CodeIgniter.php(896): App\Controllers\AgentController->EditAgent()
 2 SYSTEMPATH\CodeIgniter.php(466): CodeIgniter\CodeIgniter->runController(Object(App\Controllers\AgentController))
 3 SYSTEMPATH\CodeIgniter.php(349): CodeIgniter\CodeIgniter->handleRequest(null, Object(Config\Cache), false)
 4 FCPATH\index.php(55): CodeIgniter\CodeIgniter->run()
 5 SYSTEMPATH\Commands\Server\rewrite.php(43): require_once('FCPATH\\index.php')
CRITICAL - 2022-07-17 08:28:43 --> Too few arguments to function App\Controllers\AgentController::EditAgent(), 0 passed in D:\sumer\hotline\vendor\codeigniter4\framework\system\CodeIgniter.php on line 896 and exactly 1 expected
in APPPATH\Controllers\AgentController.php on line 96.
 1 SYSTEMPATH\CodeIgniter.php(896): App\Controllers\AgentController->EditAgent()
 2 SYSTEMPATH\CodeIgniter.php(466): CodeIgniter\CodeIgniter->runController(Object(App\Controllers\AgentController))
 3 SYSTEMPATH\CodeIgniter.php(349): CodeIgniter\CodeIgniter->handleRequest(null, Object(Config\Cache), false)
 4 FCPATH\index.php(55): CodeIgniter\CodeIgniter->run()
 5 SYSTEMPATH\Commands\Server\rewrite.php(43): require_once('FCPATH\\index.php')
CRITICAL - 2022-07-17 08:28:55 --> Too few arguments to function App\Controllers\AgentController::EditAgent(), 0 passed in D:\sumer\hotline\vendor\codeigniter4\framework\system\CodeIgniter.php on line 896 and exactly 1 expected
in APPPATH\Controllers\AgentController.php on line 96.
 1 SYSTEMPATH\CodeIgniter.php(896): App\Controllers\AgentController->EditAgent()
 2 SYSTEMPATH\CodeIgniter.php(466): CodeIgniter\CodeIgniter->runController(Object(App\Controllers\AgentController))
 3 SYSTEMPATH\CodeIgniter.php(349): CodeIgniter\CodeIgniter->handleRequest(null, Object(Config\Cache), false)
 4 FCPATH\index.php(55): CodeIgniter\CodeIgniter->run()
 5 SYSTEMPATH\Commands\Server\rewrite.php(43): require_once('FCPATH\\index.php')
CRITICAL - 2022-07-17 08:29:09 --> Too few arguments to function App\Controllers\AgentController::EditAgent(), 0 passed in D:\sumer\hotline\vendor\codeigniter4\framework\system\CodeIgniter.php on line 896 and exactly 1 expected
in APPPATH\Controllers\AgentController.php on line 96.
 1 SYSTEMPATH\CodeIgniter.php(896): App\Controllers\AgentController->EditAgent()
 2 SYSTEMPATH\CodeIgniter.php(466): CodeIgniter\CodeIgniter->runController(Object(App\Controllers\AgentController))
 3 SYSTEMPATH\CodeIgniter.php(349): CodeIgniter\CodeIgniter->handleRequest(null, Object(Config\Cache), false)
 4 FCPATH\index.php(55): CodeIgniter\CodeIgniter->run()
 5 SYSTEMPATH\Commands\Server\rewrite.php(43): require_once('FCPATH\\index.php')
CRITICAL - 2022-07-17 08:29:25 --> Too few arguments to function App\Controllers\AgentController::EditAgent(), 0 passed in D:\sumer\hotline\vendor\codeigniter4\framework\system\CodeIgniter.php on line 896 and exactly 1 expected
in APPPATH\Controllers\AgentController.php on line 96.
 1 SYSTEMPATH\CodeIgniter.php(896): App\Controllers\AgentController->EditAgent()
 2 SYSTEMPATH\CodeIgniter.php(466): CodeIgniter\CodeIgniter->runController(Object(App\Controllers\AgentController))
 3 SYSTEMPATH\CodeIgniter.php(349): CodeIgniter\CodeIgniter->handleRequest(null, Object(Config\Cache), false)
 4 FCPATH\index.php(55): CodeIgniter\CodeIgniter->run()
 5 SYSTEMPATH\Commands\Server\rewrite.php(43): require_once('FCPATH\\index.php')
CRITICAL - 2022-07-17 08:30:20 --> Too few arguments to function App\Controllers\AgentController::EditAgent(), 0 passed in D:\sumer\hotline\vendor\codeigniter4\framework\system\CodeIgniter.php on line 896 and exactly 1 expected
in APPPATH\Controllers\AgentController.php on line 96.
 1 SYSTEMPATH\CodeIgniter.php(896): App\Controllers\AgentController->EditAgent()
 2 SYSTEMPATH\CodeIgniter.php(466): CodeIgniter\CodeIgniter->runController(Object(App\Controllers\AgentController))
 3 SYSTEMPATH\CodeIgniter.php(349): CodeIgniter\CodeIgniter->handleRequest(null, Object(Config\Cache), false)
 4 FCPATH\index.php(55): CodeIgniter\CodeIgniter->run()
 5 SYSTEMPATH\Commands\Server\rewrite.php(43): require_once('FCPATH\\index.php')
CRITICAL - 2022-07-17 08:30:38 --> Too few arguments to function App\Controllers\AgentController::EditAgent(), 0 passed in D:\sumer\hotline\vendor\codeigniter4\framework\system\CodeIgniter.php on line 896 and exactly 1 expected
in APPPATH\Controllers\AgentController.php on line 96.
 1 SYSTEMPATH\CodeIgniter.php(896): App\Controllers\AgentController->EditAgent()
 2 SYSTEMPATH\CodeIgniter.php(466): CodeIgniter\CodeIgniter->runController(Object(App\Controllers\AgentController))
 3 SYSTEMPATH\CodeIgniter.php(349): CodeIgniter\CodeIgniter->handleRequest(null, Object(Config\Cache), false)
 4 FCPATH\index.php(55): CodeIgniter\CodeIgniter->run()
 5 SYSTEMPATH\Commands\Server\rewrite.php(43): require_once('FCPATH\\index.php')
CRITICAL - 2022-07-17 08:30:42 --> Too few arguments to function App\Controllers\AgentController::EditAgent(), 0 passed in D:\sumer\hotline\vendor\codeigniter4\framework\system\CodeIgniter.php on line 896 and exactly 1 expected
in APPPATH\Controllers\AgentController.php on line 96.
 1 SYSTEMPATH\CodeIgniter.php(896): App\Controllers\AgentController->EditAgent()
 2 SYSTEMPATH\CodeIgniter.php(466): CodeIgniter\CodeIgniter->runController(Object(App\Controllers\AgentController))
 3 SYSTEMPATH\CodeIgniter.php(349): CodeIgniter\CodeIgniter->handleRequest(null, Object(Config\Cache), false)
 4 FCPATH\index.php(55): CodeIgniter\CodeIgniter->run()
 5 SYSTEMPATH\Commands\Server\rewrite.php(43): require_once('FCPATH\\index.php')
CRITICAL - 2022-07-17 08:30:48 --> Too few arguments to function App\Controllers\AgentController::EditAgent(), 0 passed in D:\sumer\hotline\vendor\codeigniter4\framework\system\CodeIgniter.php on line 896 and exactly 1 expected
in APPPATH\Controllers\AgentController.php on line 96.
 1 SYSTEMPATH\CodeIgniter.php(896): App\Controllers\AgentController->EditAgent()
 2 SYSTEMPATH\CodeIgniter.php(466): CodeIgniter\CodeIgniter->runController(Object(App\Controllers\AgentController))
 3 SYSTEMPATH\CodeIgniter.php(349): CodeIgniter\CodeIgniter->handleRequest(null, Object(Config\Cache), false)
 4 FCPATH\index.php(55): CodeIgniter\CodeIgniter->run()
 5 SYSTEMPATH\Commands\Server\rewrite.php(43): require_once('FCPATH\\index.php')
CRITICAL - 2022-07-17 08:31:36 --> Too few arguments to function App\Controllers\AgentController::EditAgent(), 0 passed in D:\sumer\hotline\vendor\codeigniter4\framework\system\CodeIgniter.php on line 896 and exactly 1 expected
in APPPATH\Controllers\AgentController.php on line 96.
 1 SYSTEMPATH\CodeIgniter.php(896): App\Controllers\AgentController->EditAgent()
 2 SYSTEMPATH\CodeIgniter.php(466): CodeIgniter\CodeIgniter->runController(Object(App\Controllers\AgentController))
 3 SYSTEMPATH\CodeIgniter.php(349): CodeIgniter\CodeIgniter->handleRequest(null, Object(Config\Cache), false)
 4 FCPATH\index.php(55): CodeIgniter\CodeIgniter->run()
 5 SYSTEMPATH\Commands\Server\rewrite.php(43): require_once('FCPATH\\index.php')
CRITICAL - 2022-07-17 08:31:58 --> Too few arguments to function App\Controllers\AgentController::EditAgent(), 0 passed in D:\sumer\hotline\vendor\codeigniter4\framework\system\CodeIgniter.php on line 896 and exactly 1 expected
in APPPATH\Controllers\AgentController.php on line 96.
 1 SYSTEMPATH\CodeIgniter.php(896): App\Controllers\AgentController->EditAgent()
 2 SYSTEMPATH\CodeIgniter.php(466): CodeIgniter\CodeIgniter->runController(Object(App\Controllers\AgentController))
 3 SYSTEMPATH\CodeIgniter.php(349): CodeIgniter\CodeIgniter->handleRequest(null, Object(Config\Cache), false)
 4 FCPATH\index.php(55): CodeIgniter\CodeIgniter->run()
 5 SYSTEMPATH\Commands\Server\rewrite.php(43): require_once('FCPATH\\index.php')
CRITICAL - 2022-07-17 08:32:12 --> Too few arguments to function App\Controllers\AgentController::EditAgent(), 0 passed in D:\sumer\hotline\vendor\codeigniter4\framework\system\CodeIgniter.php on line 896 and exactly 1 expected
in APPPATH\Controllers\AgentController.php on line 96.
 1 SYSTEMPATH\CodeIgniter.php(896): App\Controllers\AgentController->EditAgent()
 2 SYSTEMPATH\CodeIgniter.php(466): CodeIgniter\CodeIgniter->runController(Object(App\Controllers\AgentController))
 3 SYSTEMPATH\CodeIgniter.php(349): CodeIgniter\CodeIgniter->handleRequest(null, Object(Config\Cache), false)
 4 FCPATH\index.php(55): CodeIgniter\CodeIgniter->run()
 5 SYSTEMPATH\Commands\Server\rewrite.php(43): require_once('FCPATH\\index.php')
CRITICAL - 2022-07-17 08:32:17 --> Undefined variable $id
in APPPATH\Controllers\AgentController.php on line 111.
 1 APPPATH\Controllers\AgentController.php(111): CodeIgniter\Debug\Exceptions->errorHandler(2, 'Undefined variable $id', 'APPPATH\\Controllers\\AgentController.php', 111)
 2 SYSTEMPATH\CodeIgniter.php(896): App\Controllers\AgentController->EditAgent()
 3 SYSTEMPATH\CodeIgniter.php(466): CodeIgniter\CodeIgniter->runController(Object(App\Controllers\AgentController))
 4 SYSTEMPATH\CodeIgniter.php(349): CodeIgniter\CodeIgniter->handleRequest(null, Object(Config\Cache), false)
 5 FCPATH\index.php(55): CodeIgniter\CodeIgniter->run()
 6 SYSTEMPATH\Commands\Server\rewrite.php(43): require_once('FCPATH\\index.php')
CRITICAL - 2022-07-17 08:34:36 --> Too few arguments to function App\Controllers\AgentController::EditAgent(), 0 passed in D:\sumer\hotline\vendor\codeigniter4\framework\system\CodeIgniter.php on line 896 and exactly 1 expected
in APPPATH\Controllers\AgentController.php on line 96.
 1 SYSTEMPATH\CodeIgniter.php(896): App\Controllers\AgentController->EditAgent()
 2 SYSTEMPATH\CodeIgniter.php(466): CodeIgniter\CodeIgniter->runController(Object(App\Controllers\AgentController))
 3 SYSTEMPATH\CodeIgniter.php(349): CodeIgniter\CodeIgniter->handleRequest(null, Object(Config\Cache), false)
 4 FCPATH\index.php(55): CodeIgniter\CodeIgniter->run()
 5 SYSTEMPATH\Commands\Server\rewrite.php(43): require_once('FCPATH\\index.php')
CRITICAL - 2022-07-17 10:15:30 --> Too few arguments to function App\Controllers\AgentController::EditAgent(), 0 passed in D:\sumer\hotline\vendor\codeigniter4\framework\system\CodeIgniter.php on line 896 and exactly 1 expected
in APPPATH\Controllers\AgentController.php on line 96.
 1 SYSTEMPATH\CodeIgniter.php(896): App\Controllers\AgentController->EditAgent()
 2 SYSTEMPATH\CodeIgniter.php(466): CodeIgniter\CodeIgniter->runController(Object(App\Controllers\AgentController))
 3 SYSTEMPATH\CodeIgniter.php(349): CodeIgniter\CodeIgniter->handleRequest(null, Object(Config\Cache), false)
 4 FCPATH\index.php(55): CodeIgniter\CodeIgniter->run()
 5 SYSTEMPATH\Commands\Server\rewrite.php(43): require_once('FCPATH\\index.php')
CRITICAL - 2022-07-17 10:25:32 --> Too few arguments to function App\Controllers\AgentController::EditAgent(), 0 passed in D:\sumer\hotline\vendor\codeigniter4\framework\system\CodeIgniter.php on line 896 and exactly 1 expected
in APPPATH\Controllers\AgentController.php on line 96.
 1 SYSTEMPATH\CodeIgniter.php(896): App\Controllers\AgentController->EditAgent()
 2 SYSTEMPATH\CodeIgniter.php(466): CodeIgniter\CodeIgniter->runController(Object(App\Controllers\AgentController))
 3 SYSTEMPATH\CodeIgniter.php(349): CodeIgniter\CodeIgniter->handleRequest(null, Object(Config\Cache), false)
 4 FCPATH\index.php(55): CodeIgniter\CodeIgniter->run()
 5 SYSTEMPATH\Commands\Server\rewrite.php(43): require_once('FCPATH\\index.php')
CRITICAL - 2022-07-17 10:26:20 --> Call to undefined method CodeIgniter\HTTP\IncomingRequest::segments()
in APPPATH\Controllers\AgentController.php on line 114.
 1 SYSTEMPATH\CodeIgniter.php(896): App\Controllers\AgentController->EditAgent()
 2 SYSTEMPATH\CodeIgniter.php(466): CodeIgniter\CodeIgniter->runController(Object(App\Controllers\AgentController))
 3 SYSTEMPATH\CodeIgniter.php(349): CodeIgniter\CodeIgniter->handleRequest(null, Object(Config\Cache), false)
 4 FCPATH\index.php(55): CodeIgniter\CodeIgniter->run()
 5 SYSTEMPATH\Commands\Server\rewrite.php(43): require_once('FCPATH\\index.php')
CRITICAL - 2022-07-17 10:48:51 --> Call to a member function set() on null
in APPPATH\Models\AgentModel.php on line 54.
 1 APPPATH\Controllers\AgentController.php(124): App\Models\AgentModel->EditAgent('2', [...])
 2 SYSTEMPATH\CodeIgniter.php(896): App\Controllers\AgentController->EditAgent()
 3 SYSTEMPATH\CodeIgniter.php(466): CodeIgniter\CodeIgniter->runController(Object(App\Controllers\AgentController))
 4 SYSTEMPATH\CodeIgniter.php(349): CodeIgniter\CodeIgniter->handleRequest(null, Object(Config\Cache), false)
 5 FCPATH\index.php(55): CodeIgniter\CodeIgniter->run()
 6 SYSTEMPATH\Commands\Server\rewrite.php(43): require_once('FCPATH\\index.php')
CRITICAL - 2022-07-17 10:49:27 --> Call to a member function set() on null
in APPPATH\Models\AgentModel.php on line 54.
 1 APPPATH\Controllers\AgentController.php(124): App\Models\AgentModel->EditAgent('2', [...])
 2 SYSTEMPATH\CodeIgniter.php(896): App\Controllers\AgentController->EditAgent()
 3 SYSTEMPATH\CodeIgniter.php(466): CodeIgniter\CodeIgniter->runController(Object(App\Controllers\AgentController))
 4 SYSTEMPATH\CodeIgniter.php(349): CodeIgniter\CodeIgniter->handleRequest(null, Object(Config\Cache), false)
 5 FCPATH\index.php(55): CodeIgniter\CodeIgniter->run()
 6 SYSTEMPATH\Commands\Server\rewrite.php(43): require_once('FCPATH\\index.php')
CRITICAL - 2022-07-17 10:49:55 --> Call to a member function set() on null
in APPPATH\Models\AgentModel.php on line 54.
 1 APPPATH\Controllers\AgentController.php(124): App\Models\AgentModel->EditAgent('1', [...])
 2 SYSTEMPATH\CodeIgniter.php(896): App\Controllers\AgentController->EditAgent()
 3 SYSTEMPATH\CodeIgniter.php(466): CodeIgniter\CodeIgniter->runController(Object(App\Controllers\AgentController))
 4 SYSTEMPATH\CodeIgniter.php(349): CodeIgniter\CodeIgniter->handleRequest(null, Object(Config\Cache), false)
 5 FCPATH\index.php(55): CodeIgniter\CodeIgniter->run()
 6 SYSTEMPATH\Commands\Server\rewrite.php(43): require_once('FCPATH\\index.php')
CRITICAL - 2022-07-17 10:50:08 --> Call to a member function set() on null
in APPPATH\Models\AgentModel.php on line 54.
 1 APPPATH\Controllers\AgentController.php(124): App\Models\AgentModel->EditAgent('1', [...])
 2 SYSTEMPATH\CodeIgniter.php(896): App\Controllers\AgentController->EditAgent()
 3 SYSTEMPATH\CodeIgniter.php(466): CodeIgniter\CodeIgniter->runController(Object(App\Controllers\AgentController))
 4 SYSTEMPATH\CodeIgniter.php(349): CodeIgniter\CodeIgniter->handleRequest(null, Object(Config\Cache), false)
 5 FCPATH\index.php(55): CodeIgniter\CodeIgniter->run()
 6 SYSTEMPATH\Commands\Server\rewrite.php(43): require_once('FCPATH\\index.php')
CRITICAL - 2022-07-17 10:51:50 --> Call to a member function set() on null
in APPPATH\Models\AgentModel.php on line 54.
 1 APPPATH\Controllers\AgentController.php(124): App\Models\AgentModel->EditAgent('1', [...])
 2 SYSTEMPATH\CodeIgniter.php(896): App\Controllers\AgentController->EditAgent()
 3 SYSTEMPATH\CodeIgniter.php(466): CodeIgniter\CodeIgniter->runController(Object(App\Controllers\AgentController))
 4 SYSTEMPATH\CodeIgniter.php(349): CodeIgniter\CodeIgniter->handleRequest(null, Object(Config\Cache), false)
 5 FCPATH\index.php(55): CodeIgniter\CodeIgniter->run()
 6 SYSTEMPATH\Commands\Server\rewrite.php(43): require_once('FCPATH\\index.php')
CRITICAL - 2022-07-17 10:53:25 --> Call to a member function set() on null
in APPPATH\Models\AgentModel.php on line 54.
 1 APPPATH\Controllers\AgentController.php(124): App\Models\AgentModel->EditAgent('1', [...])
 2 SYSTEMPATH\CodeIgniter.php(896): App\Controllers\AgentController->EditAgent()
 3 SYSTEMPATH\CodeIgniter.php(466): CodeIgniter\CodeIgniter->runController(Object(App\Controllers\AgentController))
 4 SYSTEMPATH\CodeIgniter.php(349): CodeIgniter\CodeIgniter->handleRequest(null, Object(Config\Cache), false)
 5 FCPATH\index.php(55): CodeIgniter\CodeIgniter->run()
 6 SYSTEMPATH\Commands\Server\rewrite.php(43): require_once('FCPATH\\index.php')
ERROR - 2022-07-17 11:07:27 --> You have an error in your SQL syntax; check the manual that corresponds to your MariaDB server version for the right syntax to use near '0 = :0:, 1 = :1:, 2 = :2:, 3 = :3:, 4 = :4:, 5 = :5:, 6 = :6:
WHERE `id` = :id:' at line 1
ERROR - 2022-07-17 11:07:55 --> You have an error in your SQL syntax; check the manual that corresponds to your MariaDB server version for the right syntax to use near '0 = :0:, 1 = :1:, 2 = :2:, 3 = :3:, 4 = :4:, 5 = :5:, 6 = :6:
WHERE `id` = :id:' at line 1
ERROR - 2022-07-17 11:09:31 --> You have an error in your SQL syntax; check the manual that corresponds to your MariaDB server version for the right syntax to use near '0 = :0:, 1 = :1:, 2 = :2:, 3 = :3:, 4 = :4:, 5 = :5:, 6 = :6:
WHERE `id` = :id:' at line 1
ERROR - 2022-07-17 11:10:13 --> You have an error in your SQL syntax; check the manual that corresponds to your MariaDB server version for the right syntax to use near '0 = :0:, 1 = :1:, 2 = :2:, 3 = :3:, 4 = :4:, 5 = :5:, 6 = :6:
WHERE `id` = :id:' at line 1
ERROR - 2022-07-17 11:11:49 --> You have an error in your SQL syntax; check the manual that corresponds to your MariaDB server version for the right syntax to use near '0 = :0:, 1 = :1:, 2 = :2:, 3 = :3:, 4 = :4:, 5 = :5:, 6 = :6:
WHERE `id` = :id:' at line 1
ERROR - 2022-07-17 11:12:25 --> You have an error in your SQL syntax; check the manual that corresponds to your MariaDB server version for the right syntax to use near '0 = :0:, 1 = :1:, 2 = :2:, 3 = :3:, 4 = :4:, 5 = :5:, 6 = :6:
WHERE `id` = :id:' at line 1
ERROR - 2022-07-17 11:13:17 --> You have an error in your SQL syntax; check the manual that corresponds to your MariaDB server version for the right syntax to use near '0 = :0:, 1 = :1:, 2 = :2:, 3 = :3:, 4 = :4:, 5 = :5:, 6 = :6:
WHERE `id` = :id:' at line 1
ERROR - 2022-07-17 15:12:16 --> You have an error in your SQL syntax; check the manual that corresponds to your MariaDB server version for the right syntax to use near '0 = :0:, 1 = :1:, 2 = :2:, 3 = :3:, 4 = :4:, 5 = :5:, 6 = :6:
WHERE `id` = :id:' at line 1
ERROR - 2022-07-17 15:34:45 --> You have an error in your SQL syntax; check the manual that corresponds to your MariaDB server version for the right syntax to use near '), `email` = 'sumersingh1997.ssh@gmail.com', `passport_num` = '234234234234ss...' at line 1
